# JRE version: OpenJDK Runtime Environment Temurin-21.0.2+13 (21.0.2+13) (build 21.0.2+13-LTS)
# Java VM: OpenJDK 64-Bit Server VM Temurin-21.0.2+13 (21.0.2+13-LTS, mixed mode, emulated-client, sharing, tiered, compressed oops, compressed class ptrs, g1 gc, windows-amd64)
GC Precious Log:
 CardTable entry size: 512
 Card Set container configuration: InlinePtr #cards 5 size 8 Array Of Cards #cards 12 size 40 Howl #buckets 4 coarsen threshold 1843 Howl Bitmap #cards 512 size 80 coarsen threshold 460 Card regions per heap region 1 cards per card region 2048
 CPUs: 4 total, 4 available
 Memory: 3862M
 Large Page Support: Disabled
 NUMA Support: Disabled
 Compressed Oops: Enabled (32-bit)
 Heap Region Size: 1M
 Heap Min Capacity: 8M
 Heap Initial Capacity: 62M
 Heap Max Capacity: 966M
 Pre-touch: Disabled
 Parallel Workers: 4
 Concurrent Workers: 1
 Concurrent Refinement Workers: 4
 Periodic GC: Disabled
Heap:
 garbage-first heap   total 102400K, used 36612K [0x00000000c3a00000, 0x0000000100000000)
  region size 1024K, 7 young (7168K), 7 survivors (7168K)
 Metaspace       used 81167K, committed 82368K, reserved 1179648K
  class space    used 11337K, committed 11776K, reserved 1048576K
GC Heap History (20 events):
Event: 1857.370 GC heap after
{Heap after GC invocations=62 (full 6):
 garbage-first heap   total 84992K, used 28945K [0x00000000c3a00000, 0x0000000100000000)
  region size 1024K, 0 young (0K), 0 survivors (0K)
 Metaspace       used 79176K, committed 80256K, reserved 1179648K
  class space    used 11131K, committed 11584K, reserved 1048576K
}
Event: 1857.816 GC heap before
{Heap before GC invocations=62 (full 6):
 garbage-first heap   total 84992K, used 70929K [0x00000000c3a00000, 0x0000000100000000)
  region size 1024K, 41 young (41984K), 0 survivors (0K)
 Metaspace       used 79422K, committed 80320K, reserved 1179648K
  class space    used 11168K, committed 11584K, reserved 1048576K
}
Event: 1857.823 GC heap after
{Heap after GC invocations=63 (full 6):
 garbage-first heap   total 108544K, used 33227K [0x00000000c3a00000, 0x0000000100000000)
  region size 1024K, 5 young (5120K), 5 survivors (5120K)
 Metaspace       used 79422K, committed 80320K, reserved 1179648K
  class space    used 11168K, committed 11584K, reserved 1048576K
}
Event: 1858.348 GC heap before
{Heap before GC invocations=64 (full 6):
 garbage-first heap   total 108544K, used 85451K [0x00000000c3a00000, 0x0000000100000000)
  region size 1024K, 57 young (58368K), 5 survivors (5120K)
 Metaspace       used 80064K, committed 80896K, reserved 1179648K
  class space    used 11228K, committed 11584K, reserved 1048576K
}
Event: 1858.356 GC heap after
{Heap after GC invocations=65 (full 6):
 garbage-first heap   total 108544K, used 37183K [0x00000000c3a00000, 0x0000000100000000)
  region size 1024K, 8 young (8192K), 8 survivors (8192K)
 Metaspace       used 80064K, committed 80896K, reserved 1179648K
  class space    used 11228K, committed 11584K, reserved 1048576K
}
Event: 1879.494 GC heap before
{Heap before GC invocations=65 (full 6):
 garbage-first heap   total 108544K, used 50495K [0x00000000c3a00000, 0x0000000100000000)
  region size 1024K, 22 young (22528K), 8 survivors (8192K)
 Metaspace       used 80067K, committed 80960K, reserved 1179648K
  class space    used 11228K, committed 11584K, reserved 1048576K
}
Event: 1879.851 GC heap after
{Heap after GC invocations=66 (full 7):
 garbage-first heap   total 102400K, used 29499K [0x00000000c3a00000, 0x0000000100000000)
  region size 1024K, 0 young (0K), 0 survivors (0K)
 Metaspace       used 80061K, committed 80960K, reserved 1179648K
  class space    used 11227K, committed 11584K, reserved 1048576K
}
Event: 1881.007 GC heap before
{Heap before GC invocations=66 (full 7):
 garbage-first heap   total 102400K, used 82747K [0x00000000c3a00000, 0x0000000100000000)
  region size 1024K, 53 young (54272K), 0 survivors (0K)
 Metaspace       used 80303K, committed 81216K, reserved 1179648K
  class space    used 11255K, committed 11648K, reserved 1048576K
}
Event: 1881.021 GC heap after
{Heap after GC invocations=67 (full 7):
 garbage-first heap   total 102400K, used 35643K [0x00000000c3a00000, 0x0000000100000000)
  region size 1024K, 6 young (6144K), 6 survivors (6144K)
 Metaspace       used 80303K, committed 81216K, reserved 1179648K
  class space    used 11255K, committed 11648K, reserved 1048576K
}
Event: 1882.211 GC heap before
{Heap before GC invocations=68 (full 7):
 garbage-first heap   total 102400K, used 85819K [0x00000000c3a00000, 0x0000000100000000)
  region size 1024K, 55 young (56320K), 6 survivors (6144K)
 Metaspace       used 80906K, committed 81856K, reserved 1179648K
  class space    used 11303K, committed 11712K, reserved 1048576K
}
Event: 1882.238 GC heap after
{Heap after GC invocations=69 (full 7):
 garbage-first heap   total 102400K, used 38136K [0x00000000c3a00000, 0x0000000100000000)
  region size 1024K, 4 young (4096K), 4 survivors (4096K)
 Metaspace       used 80906K, committed 81856K, reserved 1179648K
  class space    used 11303K, committed 11712K, reserved 1048576K
}
Event: 1885.864 GC heap before
{Heap before GC invocations=69 (full 7):
 garbage-first heap   total 102400K, used 41208K [0x00000000c3a00000, 0x0000000100000000)
  region size 1024K, 8 young (8192K), 4 survivors (4096K)
 Metaspace       used 80909K, committed 81856K, reserved 1179648K
  class space    used 11304K, committed 11712K, reserved 1048576K
}
Event: 1886.013 GC heap after
{Heap after GC invocations=70 (full 8):
 garbage-first heap   total 102400K, used 29971K [0x00000000c3a00000, 0x0000000100000000)
  region size 1024K, 0 young (0K), 0 survivors (0K)
 Metaspace       used 80906K, committed 81856K, reserved 1179648K
  class space    used 11303K, committed 11712K, reserved 1048576K
}
Event: 1893.534 GC heap before
{Heap before GC invocations=70 (full 8):
 garbage-first heap   total 102400K, used 84243K [0x00000000c3a00000, 0x0000000100000000)
  region size 1024K, 54 young (55296K), 0 survivors (0K)
 Metaspace       used 81146K, committed 82048K, reserved 1179648K
  class space    used 11330K, committed 11712K, reserved 1048576K
}
Event: 1893.547 GC heap after
{Heap after GC invocations=71 (full 8):
 garbage-first heap   total 102400K, used 36012K [0x00000000c3a00000, 0x0000000100000000)
  region size 1024K, 6 young (6144K), 6 survivors (6144K)
 Metaspace       used 81146K, committed 82048K, reserved 1179648K
  class space    used 11330K, committed 11712K, reserved 1048576K
}
Event: 1895.371 GC heap before
{Heap before GC invocations=72 (full 8):
 garbage-first heap   total 102400K, used 86188K [0x00000000c3a00000, 0x0000000100000000)
  region size 1024K, 55 young (56320K), 6 survivors (6144K)
 Metaspace       used 81760K, committed 82688K, reserved 1179648K
  class space    used 11385K, committed 11776K, reserved 1048576K
}
Event: 1895.383 GC heap after
{Heap after GC invocations=73 (full 8):
 garbage-first heap   total 102400K, used 37740K [0x00000000c3a00000, 0x0000000100000000)
  region size 1024K, 4 young (4096K), 4 survivors (4096K)
 Metaspace       used 81760K, committed 82688K, reserved 1179648K
  class space    used 11385K, committed 11776K, reserved 1048576K
}
Event: 1896.723 GC heap before
{Heap before GC invocations=73 (full 8):
 garbage-first heap   total 102400K, used 39788K [0x00000000c3a00000, 0x0000000100000000)
  region size 1024K, 7 young (7168K), 4 survivors (4096K)
 Metaspace       used 81763K, committed 82688K, reserved 1179648K
  class space    used 11386K, committed 11776K, reserved 1048576K
}
Event: 1896.918 GC heap after
{Heap after GC invocations=74 (full 9):
 garbage-first heap   total 102400K, used 30294K [0x00000000c3a00000, 0x0000000100000000)
  region size 1024K, 0 young (0K), 0 survivors (0K)
 Metaspace       used 80913K, committed 82368K, reserved 1179648K
  class space    used 11308K, committed 11776K, reserved 1048576K
}
Event: 1897.937 GC heap before
{Heap before GC invocations=74 (full 9):
 garbage-first heap   total 102400K, used 84566K [0x00000000c3a00000, 0x0000000100000000)
  region size 1024K, 54 young (55296K), 0 survivors (0K)
 Metaspace       used 81167K, committed 82368K, reserved 1179648K
  class space    used 11337K, committed 11776K, reserved 1048576K
}

